----------------------------------------------------------------
<<<<<<< HEAD
Thu Jan 12 14:38:20 EAT 2023:
Booting Derby version The Apache Software Foundation - Apache Derby - 10.14.2.0 - (1828579): instance a816c00e-0185-a5c6-1491-000007218fd0 
on database directory D:\DeskApp\smartdb with class loader jdk.internal.loader.ClassLoaders$AppClassLoader@73d16e93 
Loaded from file:/D:/DeskApp/lib/derby.jar
=======
Thu Jan 12 12:04:47 EAT 2023:
Booting Derby version The Apache Software Foundation - Apache Derby - 10.14.2.0 - (1828579): instance a816c00e-0185-a539-8084-0000073a6c18 
on database directory C:\Users\STELLAM\Desktop\DeskApp\smartdb with class loader jdk.internal.loader.ClassLoaders$AppClassLoader@2a139a55 
Loaded from file:/C:/Users/STELLAM/Desktop/DeskApp/lib/derby.jar
>>>>>>> 8fff55ec458c7d5321c8a8ba1fd6dd5b974f7390
java.vendor=Oracle Corporation
java.runtime.version=17.0.1+12-LTS-39
user.dir=C:\Users\STELLAM\Desktop\DeskApp
os.name=Windows 10
os.arch=amd64
os.version=10.0
derby.system.home=null
Database Class Loader started - derby.database.classpath=''
